<?xml version="1.0" encoding="UTF-8"?>
<!-- Generated by org.testng.reporters.JUnitXMLReporter -->
<testsuite hostname="PHXV7215" name="Container Linkage" tests="1" failures="1" timestamp="6 Oct 2016 09:27:33 GMT" time="960.596" errors="0">
  <testcase name="ContainerLinkage" time="926.474" classname="com.gates.billing.BookingBillingWorkFlow">
    <failure type="java.lang.AssertionError" message="expected [*This field is mandatory] but found [* This field is required]">
      <![CDATA[java.lang.AssertionError: expected [*This field is mandatory] but found [* This field is required]
	at com.gates.setup.utility.verifyErrorAlertPresent(utility.java:345)
	at com.gates.billing.BL_Payables.BLPayables(BL_Payables.java:49)
	at com.gates.billing.BL_Charges.BLCharges(BL_Charges.java:381)
	at com.gates.billing.BillOfLadingSetup.BillofladingSetup(BillOfLadingSetup.java:166)
	at com.gates.billing.BookingBillingWorkFlow.ContainerLinkage(BookingBillingWorkFlow.java:166)
... Removed 30 stack frames]]>
    </failure>
  </testcase> <!-- ContainerLinkage -->
</testsuite> <!-- Container Linkage -->
