<?xml version="1.0" encoding="UTF-8"?>
<!-- Generated by org.testng.reporters.JUnitXMLReporter -->
<testsuite hostname="ELH035" name="GatesBooking" tests="1" failures="1" timestamp="7 Sep 2016 12:02:15 GMT" time="135.14" errors="0">
  <testcase name="booking" time="52.301" classname="com.gates.smoketest.gatesBookingTest">
    <failure type="java.lang.AssertionError" message="expected [GATES: Customer Profile] but found [GATES: Quotes]">
      <![CDATA[java.lang.AssertionError: expected [GATES: Customer Profile] but found [GATES: Quotes]
	at com.gates.smoketest.gatesBillingTest.billing(gatesBillingTest.java:47)
	at com.gates.smoketest.gatesBookingTest.booking(gatesBookingTest.java:353)
... Removed 30 stack frames]]>
    </failure>
  </testcase> <!-- booking -->
</testsuite> <!-- GatesBooking -->
